Start testing: Mar 11 22:37 Turks and Caicos Daylight Time
----------------------------------------------------------
Test not available without configuration.  (Missing "-C <config>"?)
1/1 Testing: my_test
1/1 Test: my_test
Command: "NOT_AVAILABLE"
Directory: C:/Users/Sheng Lu/Documents/School/Undergraduate/Junior Year/Spring Sem/ECE 3574/DB/build
"my_test" start time: 
Output:
----------------------------------------------------------
<end of output>
Test time =   0.00 sec
----------------------------------------------------------
Test Passed.
"my_test" end time: Mar 11 22:37 Turks and Caicos Daylight Time
"my_test" time elapsed: 00:00:00
----------------------------------------------------------

End testing: Mar 11 22:37 Turks and Caicos Daylight Time
